2025-04-01 07:53:00,696 [Worker-5: Loading available Gradle versions] INFO  o.e.b.c.i.u.g.PublishedGradleVersions - Gradle version information cache is not available. Remote download required.
2025-04-01 07:57:15,353 [Worker-5: Importing Maven projects] ERROR o.e.m.c.i.p.ProjectConfigurationManager - Project aula already exists
2025-04-01 07:57:15,355 [Worker-5: Importing Maven projects] ERROR o.e.m.c.i.p.ProjectConfigurationManager - Project aula already exists
2025-04-01 07:57:19,635 [Worker-5: Importing Maven projects] INFO  o.e.m.c.i.l.LifecycleMappingFactory - Using org.eclipse.m2e.jdt.JarLifecycleMapping lifecycle mapping for MavenProject: com.devsuperior:dsclient:0.0.1-SNAPSHOT @ C:\Users\Pichau\Desktop\Java Spring Professional\API REST, camadas, CRUD, exceções, validações\dsclient\pom.xml.
2025-04-01 07:57:20,039 [Worker-5: Importing Maven projects] WARN  o.e.m.c.i.embedder.EclipseLogger - The artifact org.hibernate:hibernate-validator:jar:8.0.0.CR2 has been relocated to org.hibernate.validator:hibernate-validator:jar:8.0.0.CR2
2025-04-01 07:57:20,209 [Worker-5: Importing Maven projects] INFO  o.e.m.c.i.l.LifecycleMappingFactory - Using org.eclipse.m2e.jdt.JarLifecycleMapping lifecycle mapping for MavenProject: com.DesafioComponentes:Desafio:0.0.1-SNAPSHOT @ C:\Users\Pichau\Desktop\Java Spring Professional\COMPONENTES E INJEÇÃO DE DEPENDENCIA\Desafio\pom.xml.
2025-04-01 07:57:20,555 [Worker-5: Importing Maven projects] INFO  o.e.m.c.i.l.LifecycleMappingFactory - Using org.eclipse.m2e.jdt.JarLifecycleMapping lifecycle mapping for MavenProject: com.devsuperior:aula:0.0.1-SNAPSHOT @ C:\Users\Pichau\Desktop\Java Spring Professional\COMPONENTES E INJEÇÃO DE DEPENDENCIA\aula\pom.xml.
2025-04-01 07:57:20,723 [Worker-5: Importing Maven projects] INFO  o.e.m.c.i.l.LifecycleMappingFactory - Using org.eclipse.m2e.jdt.JarLifecycleMapping lifecycle mapping for MavenProject: com.devsuperior:aulalazy:0.0.1-SNAPSHOT @ C:\Users\Pichau\Desktop\Java Spring Professional\JPA, consultas SQL e JPQL\aula-lazy-main\pom.xml.
2025-04-01 07:57:21,310 [Worker-5: Importing Maven projects] INFO  o.e.m.c.i.l.LifecycleMappingFactory - Using org.eclipse.m2e.jdt.JarLifecycleMapping lifecycle mapping for MavenProject: com.devsuperior:uri2602:0.0.1-SNAPSHOT @ C:\Users\Pichau\Desktop\Java Spring Professional\JPA, consultas SQL e JPQL\bdsconsultas-main\uri2602\pom.xml.
2025-04-01 07:57:21,911 [Worker-5: Importing Maven projects] INFO  o.e.m.c.i.l.LifecycleMappingFactory - Using org.eclipse.m2e.jdt.JarLifecycleMapping lifecycle mapping for MavenProject: com.devsuperior:uri2609:0.0.1-SNAPSHOT @ C:\Users\Pichau\Desktop\Java Spring Professional\JPA, consultas SQL e JPQL\bdsconsultas-main\uri2609\pom.xml.
2025-04-01 07:57:22,040 [Worker-5: Importing Maven projects] INFO  o.e.m.c.i.l.LifecycleMappingFactory - Using org.eclipse.m2e.jdt.JarLifecycleMapping lifecycle mapping for MavenProject: com.devsuperior:uri2611:0.0.1-SNAPSHOT @ C:\Users\Pichau\Desktop\Java Spring Professional\JPA, consultas SQL e JPQL\bdsconsultas-main\uri2611\pom.xml.
2025-04-01 07:57:22,167 [Worker-5: Importing Maven projects] INFO  o.e.m.c.i.l.LifecycleMappingFactory - Using org.eclipse.m2e.jdt.JarLifecycleMapping lifecycle mapping for MavenProject: com.devsuperior:uri2621:0.0.1-SNAPSHOT @ C:\Users\Pichau\Desktop\Java Spring Professional\JPA, consultas SQL e JPQL\bdsconsultas-main\uri2621\pom.xml.
2025-04-01 07:57:22,289 [Worker-5: Importing Maven projects] INFO  o.e.m.c.i.l.LifecycleMappingFactory - Using org.eclipse.m2e.jdt.JarLifecycleMapping lifecycle mapping for MavenProject: com.devsuperior:uri2737:0.0.1-SNAPSHOT @ C:\Users\Pichau\Desktop\Java Spring Professional\JPA, consultas SQL e JPQL\bdsconsultas-main\uri2737\pom.xml.
2025-04-01 07:57:22,412 [Worker-5: Importing Maven projects] INFO  o.e.m.c.i.l.LifecycleMappingFactory - Using org.eclipse.m2e.jdt.JarLifecycleMapping lifecycle mapping for MavenProject: com.devsuperior:uri2990:0.0.1-SNAPSHOT @ C:\Users\Pichau\Desktop\Java Spring Professional\JPA, consultas SQL e JPQL\bdsconsultas-main\uri2990\pom.xml.
2025-04-01 07:57:22,661 [Worker-5: Importing Maven projects] INFO  o.e.m.c.i.l.LifecycleMappingFactory - Using org.eclipse.m2e.jdt.JarLifecycleMapping lifecycle mapping for MavenProject: com.devsuperior:demo:0.0.1-SNAPSHOT @ C:\Users\Pichau\Desktop\Java Spring Professional\JPA, consultas SQL e JPQL\jpa-queries1-main\pom.xml.
2025-04-01 07:57:23,051 [Worker-5: Importing Maven projects] INFO  o.e.m.c.i.l.LifecycleMappingFactory - Using org.eclipse.m2e.jdt.JarLifecycleMapping lifecycle mapping for MavenProject: com.devsuperior:dscommerce:0.0.1-SNAPSHOT @ C:\Users\Pichau\Desktop\Java Spring Professional\MODELO DE DOMINIO E ORM\dscommerce\pom.xml.
2025-04-01 07:57:23,060 [Worker-5: Importing Maven projects] WARN  o.e.m.c.i.embedder.EclipseLogger - The artifact org.hibernate:hibernate-validator:jar:8.0.0.CR2 has been relocated to org.hibernate.validator:hibernate-validator:jar:8.0.0.CR2
2025-04-01 07:57:23,195 [Worker-5: Importing Maven projects] INFO  o.e.m.c.i.l.LifecycleMappingFactory - Using org.eclipse.m2e.jdt.JarLifecycleMapping lifecycle mapping for MavenProject: com.ormdesafio:dsevent:0.0.1-SNAPSHOT @ C:\Users\Pichau\Desktop\Java Spring Professional\MODELO DE DOMINIO E ORM\dsevent\pom.xml.
2025-04-01 07:57:23,420 [Worker-5: Importing Maven projects] WARN  o.a.m.l.i.DefaultMojoExecutionConfigurator - [1;33mParameter '[0;1;33mpropertiesEncoding[0;1;33m' is unknown for plugin '[0;1;33mmaven-resources-plugin[0;1;33m:[0;1;33m3.1.0[0;1;33m:[0;1;33mresources[0;1;33m ([0;1;33mdefault-resources[0;1;33m)[0;1;33m'[m
2025-04-01 07:57:23,425 [Worker-5: Importing Maven projects] WARN  o.a.m.l.i.DefaultMojoExecutionConfigurator - [1;33mParameter '[0;1;33mpropertiesEncoding[0;1;33m' is unknown for plugin '[0;1;33mmaven-resources-plugin[0;1;33m:[0;1;33m3.1.0[0;1;33m:[0;1;33mtestResources[0;1;33m ([0;1;33mdefault-testResources[0;1;33m)[0;1;33m'[m
2025-04-01 07:57:41,527 [Worker-5: Importing Maven projects] INFO  o.e.m.j.i.AbstractJavaProjectConfigurator - Adding source folder /uri2737/src/main/java
2025-04-01 07:57:41,532 [Worker-5: Importing Maven projects] INFO  o.e.m.j.i.AbstractJavaProjectConfigurator - Adding resource folder /uri2737/src/main/resources
2025-04-01 07:57:41,533 [Worker-5: Importing Maven projects] INFO  o.e.m.j.i.AbstractJavaProjectConfigurator - Adding resource folder /uri2737/src/main/resources
2025-04-01 07:57:41,534 [Worker-5: Importing Maven projects] INFO  o.e.m.j.i.AbstractJavaProjectConfigurator - Adding source folder /uri2737/src/test/java
2025-04-01 07:57:41,535 [Worker-5: Importing Maven projects] INFO  o.e.m.j.i.AbstractJavaProjectConfigurator - Adding resource folder /uri2737/src/test/resources
2025-04-01 07:57:42,165 [Worker-5: Importing Maven projects] INFO  o.e.m.j.i.AbstractJavaProjectConfigurator - Adding source folder /uri2609/src/main/java
2025-04-01 07:57:42,166 [Worker-5: Importing Maven projects] INFO  o.e.m.j.i.AbstractJavaProjectConfigurator - Adding resource folder /uri2609/src/main/resources
2025-04-01 07:57:42,167 [Worker-5: Importing Maven projects] INFO  o.e.m.j.i.AbstractJavaProjectConfigurator - Adding resource folder /uri2609/src/main/resources
2025-04-01 07:57:42,167 [Worker-5: Importing Maven projects] INFO  o.e.m.j.i.AbstractJavaProjectConfigurator - Adding source folder /uri2609/src/test/java
2025-04-01 07:57:42,168 [Worker-5: Importing Maven projects] INFO  o.e.m.j.i.AbstractJavaProjectConfigurator - Adding resource folder /uri2609/src/test/resources
2025-04-01 07:57:42,896 [Worker-5: Importing Maven projects] INFO  o.e.m.j.i.AbstractJavaProjectConfigurator - Adding source folder /demo/src/main/java
2025-04-01 07:57:42,897 [Worker-5: Importing Maven projects] INFO  o.e.m.j.i.AbstractJavaProjectConfigurator - Adding resource folder /demo/src/main/resources
2025-04-01 07:57:42,898 [Worker-5: Importing Maven projects] INFO  o.e.m.j.i.AbstractJavaProjectConfigurator - Adding resource folder /demo/src/main/resources
2025-04-01 07:57:42,898 [Worker-5: Importing Maven projects] INFO  o.e.m.j.i.AbstractJavaProjectConfigurator - Adding source folder /demo/src/test/java
2025-04-01 07:57:42,899 [Worker-5: Importing Maven projects] INFO  o.e.m.j.i.AbstractJavaProjectConfigurator - Adding resource folder /demo/src/test/resources
2025-04-01 07:57:43,508 [Worker-5: Importing Maven projects] WARN  o.a.m.l.i.DefaultMojoExecutionConfigurator - [1;33mParameter '[0;1;33mpropertiesEncoding[0;1;33m' is unknown for plugin '[0;1;33mmaven-resources-plugin[0;1;33m:[0;1;33m3.1.0[0;1;33m:[0;1;33mresources[0;1;33m ([0;1;33mdefault-resources[0;1;33m)[0;1;33m'[m
2025-04-01 07:57:43,520 [Worker-5: Importing Maven projects] WARN  o.a.m.l.i.DefaultMojoExecutionConfigurator - [1;33mParameter '[0;1;33mpropertiesEncoding[0;1;33m' is unknown for plugin '[0;1;33mmaven-resources-plugin[0;1;33m:[0;1;33m3.1.0[0;1;33m:[0;1;33mtestResources[0;1;33m ([0;1;33mdefault-testResources[0;1;33m)[0;1;33m'[m
2025-04-01 07:57:43,726 [Worker-5: Importing Maven projects] INFO  o.e.m.j.i.AbstractJavaProjectConfigurator - Adding source folder /Desafio/src/main/java
2025-04-01 07:57:43,727 [Worker-5: Importing Maven projects] INFO  o.e.m.j.i.AbstractJavaProjectConfigurator - Adding resource folder /Desafio/src/main/resources
2025-04-01 07:57:43,728 [Worker-5: Importing Maven projects] INFO  o.e.m.j.i.AbstractJavaProjectConfigurator - Adding resource folder /Desafio/src/main/resources
2025-04-01 07:57:43,728 [Worker-5: Importing Maven projects] INFO  o.e.m.j.i.AbstractJavaProjectConfigurator - Adding source folder /Desafio/src/test/java
2025-04-01 07:57:43,729 [Worker-5: Importing Maven projects] INFO  o.e.m.j.i.AbstractJavaProjectConfigurator - Adding resource folder /Desafio/src/test/resources
2025-04-01 07:57:44,129 [Worker-5: Importing Maven projects] WARN  o.a.m.l.i.DefaultMojoExecutionConfigurator - [1;33mParameter '[0;1;33mpropertiesEncoding[0;1;33m' is unknown for plugin '[0;1;33mmaven-resources-plugin[0;1;33m:[0;1;33m3.1.0[0;1;33m:[0;1;33mresources[0;1;33m ([0;1;33mdefault-resources[0;1;33m)[0;1;33m'[m
2025-04-01 07:57:44,153 [Worker-5: Importing Maven projects] WARN  o.a.m.l.i.DefaultMojoExecutionConfigurator - [1;33mParameter '[0;1;33mpropertiesEncoding[0;1;33m' is unknown for plugin '[0;1;33mmaven-resources-plugin[0;1;33m:[0;1;33m3.1.0[0;1;33m:[0;1;33mtestResources[0;1;33m ([0;1;33mdefault-testResources[0;1;33m)[0;1;33m'[m
2025-04-01 07:57:44,225 [Worker-5: Importing Maven projects] INFO  o.e.m.j.i.AbstractJavaProjectConfigurator - Adding source folder /dscommerce/src/main/java
2025-04-01 07:57:44,226 [Worker-5: Importing Maven projects] INFO  o.e.m.j.i.AbstractJavaProjectConfigurator - Adding resource folder /dscommerce/src/main/resources
2025-04-01 07:57:44,227 [Worker-5: Importing Maven projects] INFO  o.e.m.j.i.AbstractJavaProjectConfigurator - Adding resource folder /dscommerce/src/main/resources
2025-04-01 07:57:44,227 [Worker-5: Importing Maven projects] INFO  o.e.m.j.i.AbstractJavaProjectConfigurator - Adding source folder /dscommerce/src/test/java
2025-04-01 07:57:44,228 [Worker-5: Importing Maven projects] INFO  o.e.m.j.i.AbstractJavaProjectConfigurator - Adding resource folder /dscommerce/src/test/resources
2025-04-01 07:57:44,736 [Worker-5: Importing Maven projects] WARN  o.a.m.l.i.DefaultMojoExecutionConfigurator - [1;33mParameter '[0;1;33mpropertiesEncoding[0;1;33m' is unknown for plugin '[0;1;33mmaven-resources-plugin[0;1;33m:[0;1;33m3.1.0[0;1;33m:[0;1;33mresources[0;1;33m ([0;1;33mdefault-resources[0;1;33m)[0;1;33m'[m
2025-04-01 07:57:44,746 [Worker-5: Importing Maven projects] WARN  o.a.m.l.i.DefaultMojoExecutionConfigurator - [1;33mParameter '[0;1;33mpropertiesEncoding[0;1;33m' is unknown for plugin '[0;1;33mmaven-resources-plugin[0;1;33m:[0;1;33m3.1.0[0;1;33m:[0;1;33mtestResources[0;1;33m ([0;1;33mdefault-testResources[0;1;33m)[0;1;33m'[m
2025-04-01 07:57:44,833 [Worker-5: Importing Maven projects] INFO  o.e.m.j.i.AbstractJavaProjectConfigurator - Adding source folder /dsclient/src/main/java
2025-04-01 07:57:44,834 [Worker-5: Importing Maven projects] INFO  o.e.m.j.i.AbstractJavaProjectConfigurator - Adding resource folder /dsclient/src/main/resources
2025-04-01 07:57:44,835 [Worker-5: Importing Maven projects] INFO  o.e.m.j.i.AbstractJavaProjectConfigurator - Adding resource folder /dsclient/src/main/resources
2025-04-01 07:57:44,835 [Worker-5: Importing Maven projects] INFO  o.e.m.j.i.AbstractJavaProjectConfigurator - Adding source folder /dsclient/src/test/java
2025-04-01 07:57:44,836 [Worker-5: Importing Maven projects] INFO  o.e.m.j.i.AbstractJavaProjectConfigurator - Adding resource folder /dsclient/src/test/resources
2025-04-01 07:57:45,338 [Worker-5: Importing Maven projects] WARN  o.a.m.l.i.DefaultMojoExecutionConfigurator - [1;33mParameter '[0;1;33mpropertiesEncoding[0;1;33m' is unknown for plugin '[0;1;33mmaven-resources-plugin[0;1;33m:[0;1;33m3.1.0[0;1;33m:[0;1;33mresources[0;1;33m ([0;1;33mdefault-resources[0;1;33m)[0;1;33m'[m
2025-04-01 07:57:45,346 [Worker-5: Importing Maven projects] WARN  o.a.m.l.i.DefaultMojoExecutionConfigurator - [1;33mParameter '[0;1;33mpropertiesEncoding[0;1;33m' is unknown for plugin '[0;1;33mmaven-resources-plugin[0;1;33m:[0;1;33m3.1.0[0;1;33m:[0;1;33mtestResources[0;1;33m ([0;1;33mdefault-testResources[0;1;33m)[0;1;33m'[m
2025-04-01 07:57:45,407 [Worker-5: Importing Maven projects] INFO  o.e.m.j.i.AbstractJavaProjectConfigurator - Adding source folder /aulalazy/src/main/java
2025-04-01 07:57:45,408 [Worker-5: Importing Maven projects] INFO  o.e.m.j.i.AbstractJavaProjectConfigurator - Adding resource folder /aulalazy/src/main/resources
2025-04-01 07:57:45,409 [Worker-5: Importing Maven projects] INFO  o.e.m.j.i.AbstractJavaProjectConfigurator - Adding resource folder /aulalazy/src/main/resources
2025-04-01 07:57:45,409 [Worker-5: Importing Maven projects] INFO  o.e.m.j.i.AbstractJavaProjectConfigurator - Adding source folder /aulalazy/src/test/java
2025-04-01 07:57:45,410 [Worker-5: Importing Maven projects] INFO  o.e.m.j.i.AbstractJavaProjectConfigurator - Adding resource folder /aulalazy/src/test/resources
2025-04-01 07:57:45,937 [Worker-5: Importing Maven projects] INFO  o.e.m.j.i.AbstractJavaProjectConfigurator - Adding source folder /uri2990/src/main/java
2025-04-01 07:57:45,938 [Worker-5: Importing Maven projects] INFO  o.e.m.j.i.AbstractJavaProjectConfigurator - Adding resource folder /uri2990/src/main/resources
2025-04-01 07:57:45,938 [Worker-5: Importing Maven projects] INFO  o.e.m.j.i.AbstractJavaProjectConfigurator - Adding resource folder /uri2990/src/main/resources
2025-04-01 07:57:45,939 [Worker-5: Importing Maven projects] INFO  o.e.m.j.i.AbstractJavaProjectConfigurator - Adding source folder /uri2990/src/test/java
2025-04-01 07:57:45,939 [Worker-5: Importing Maven projects] INFO  o.e.m.j.i.AbstractJavaProjectConfigurator - Adding resource folder /uri2990/src/test/resources
2025-04-01 07:57:46,297 [Worker-5: Importing Maven projects] WARN  o.a.m.l.i.DefaultMojoExecutionConfigurator - [1;33mParameter '[0;1;33mpropertiesEncoding[0;1;33m' is unknown for plugin '[0;1;33mmaven-resources-plugin[0;1;33m:[0;1;33m3.1.0[0;1;33m:[0;1;33mresources[0;1;33m ([0;1;33mdefault-resources[0;1;33m)[0;1;33m'[m
2025-04-01 07:57:46,304 [Worker-5: Importing Maven projects] WARN  o.a.m.l.i.DefaultMojoExecutionConfigurator - [1;33mParameter '[0;1;33mpropertiesEncoding[0;1;33m' is unknown for plugin '[0;1;33mmaven-resources-plugin[0;1;33m:[0;1;33m3.1.0[0;1;33m:[0;1;33mtestResources[0;1;33m ([0;1;33mdefault-testResources[0;1;33m)[0;1;33m'[m
2025-04-01 07:57:46,409 [Worker-5: Importing Maven projects] INFO  o.e.m.j.i.AbstractJavaProjectConfigurator - Adding source folder /dsevent/src/main/java
2025-04-01 07:57:46,409 [Worker-5: Importing Maven projects] INFO  o.e.m.j.i.AbstractJavaProjectConfigurator - Adding resource folder /dsevent/src/main/resources
2025-04-01 07:57:46,410 [Worker-5: Importing Maven projects] INFO  o.e.m.j.i.AbstractJavaProjectConfigurator - Adding resource folder /dsevent/src/main/resources
2025-04-01 07:57:46,410 [Worker-5: Importing Maven projects] INFO  o.e.m.j.i.AbstractJavaProjectConfigurator - Adding source folder /dsevent/src/test/java
2025-04-01 07:57:46,411 [Worker-5: Importing Maven projects] INFO  o.e.m.j.i.AbstractJavaProjectConfigurator - Adding resource folder /dsevent/src/test/resources
2025-04-01 07:57:46,828 [Worker-5: Importing Maven projects] INFO  o.e.m.j.i.AbstractJavaProjectConfigurator - Adding source folder /uri2621/src/main/java
2025-04-01 07:57:46,829 [Worker-5: Importing Maven projects] INFO  o.e.m.j.i.AbstractJavaProjectConfigurator - Adding resource folder /uri2621/src/main/resources
2025-04-01 07:57:46,830 [Worker-5: Importing Maven projects] INFO  o.e.m.j.i.AbstractJavaProjectConfigurator - Adding resource folder /uri2621/src/main/resources
2025-04-01 07:57:46,830 [Worker-5: Importing Maven projects] INFO  o.e.m.j.i.AbstractJavaProjectConfigurator - Adding source folder /uri2621/src/test/java
2025-04-01 07:57:46,831 [Worker-5: Importing Maven projects] INFO  o.e.m.j.i.AbstractJavaProjectConfigurator - Adding resource folder /uri2621/src/test/resources
2025-04-01 07:57:47,372 [Worker-5: Importing Maven projects] INFO  o.e.m.j.i.AbstractJavaProjectConfigurator - Adding source folder /uri2611/src/main/java
2025-04-01 07:57:47,373 [Worker-5: Importing Maven projects] INFO  o.e.m.j.i.AbstractJavaProjectConfigurator - Adding resource folder /uri2611/src/main/resources
2025-04-01 07:57:47,375 [Worker-5: Importing Maven projects] INFO  o.e.m.j.i.AbstractJavaProjectConfigurator - Adding resource folder /uri2611/src/main/resources
2025-04-01 07:57:47,375 [Worker-5: Importing Maven projects] INFO  o.e.m.j.i.AbstractJavaProjectConfigurator - Adding source folder /uri2611/src/test/java
2025-04-01 07:57:47,376 [Worker-5: Importing Maven projects] INFO  o.e.m.j.i.AbstractJavaProjectConfigurator - Adding resource folder /uri2611/src/test/resources
2025-04-01 07:57:47,871 [Worker-5: Importing Maven projects] WARN  o.a.m.l.i.DefaultMojoExecutionConfigurator - [1;33mParameter '[0;1;33mpropertiesEncoding[0;1;33m' is unknown for plugin '[0;1;33mmaven-resources-plugin[0;1;33m:[0;1;33m3.1.0[0;1;33m:[0;1;33mresources[0;1;33m ([0;1;33mdefault-resources[0;1;33m)[0;1;33m'[m
2025-04-01 07:57:47,880 [Worker-5: Importing Maven projects] WARN  o.a.m.l.i.DefaultMojoExecutionConfigurator - [1;33mParameter '[0;1;33mpropertiesEncoding[0;1;33m' is unknown for plugin '[0;1;33mmaven-resources-plugin[0;1;33m:[0;1;33m3.1.0[0;1;33m:[0;1;33mtestResources[0;1;33m ([0;1;33mdefault-testResources[0;1;33m)[0;1;33m'[m
2025-04-01 07:57:47,956 [Worker-5: Importing Maven projects] INFO  o.e.m.j.i.AbstractJavaProjectConfigurator - Adding source folder /aula/src/main/java
2025-04-01 07:57:47,957 [Worker-5: Importing Maven projects] INFO  o.e.m.j.i.AbstractJavaProjectConfigurator - Adding resource folder /aula/src/main/resources
2025-04-01 07:57:47,958 [Worker-5: Importing Maven projects] INFO  o.e.m.j.i.AbstractJavaProjectConfigurator - Adding resource folder /aula/src/main/resources
2025-04-01 07:57:47,958 [Worker-5: Importing Maven projects] INFO  o.e.m.j.i.AbstractJavaProjectConfigurator - Adding source folder /aula/src/test/java
2025-04-01 07:57:47,959 [Worker-5: Importing Maven projects] INFO  o.e.m.j.i.AbstractJavaProjectConfigurator - Adding resource folder /aula/src/test/resources
2025-04-01 07:57:48,346 [Worker-5: Importing Maven projects] INFO  o.e.m.j.i.AbstractJavaProjectConfigurator - Adding source folder /uri2602/src/main/java
2025-04-01 07:57:48,347 [Worker-5: Importing Maven projects] INFO  o.e.m.j.i.AbstractJavaProjectConfigurator - Adding resource folder /uri2602/src/main/resources
2025-04-01 07:57:48,348 [Worker-5: Importing Maven projects] INFO  o.e.m.j.i.AbstractJavaProjectConfigurator - Adding resource folder /uri2602/src/main/resources
2025-04-01 07:57:48,348 [Worker-5: Importing Maven projects] INFO  o.e.m.j.i.AbstractJavaProjectConfigurator - Adding source folder /uri2602/src/test/java
2025-04-01 07:57:48,349 [Worker-5: Importing Maven projects] INFO  o.e.m.j.i.AbstractJavaProjectConfigurator - Adding resource folder /uri2602/src/test/resources
2025-04-01 07:57:48,690 [Worker-5: Importing Maven projects] INFO  o.e.m.c.i.p.ProjectConfigurationManager - Imported and configured 15 project(s) in 34 sec
2025-04-01 07:57:49,341 [Worker-13: Updating Maven Project] INFO  o.e.m.c.i.p.ProjectConfigurationManager - Update started
